<?xml version="1.0" encoding="UTF-8"?>
<coverage generated="1540938976304" clover="3.2.0">
  <project timestamp="1540938976304" name="All files">
    <metrics statements="15" coveredstatements="7" conditionals="6" coveredconditionals="0" methods="6" coveredmethods="4" elements="27" coveredelements="11" complexity="0" loc="15" ncloc="15" packages="2" files="3" classes="3">
      <package name="homestead-photo-listing">
        <metrics statements="0" coveredstatements="0" conditionals="0" coveredconditionals="0" methods="0" coveredmethods="0"/>
        <file name="jest.setup.js" path="/Users/macbeth/Documents/coding/hrr34/homestead-photo-listing/jest.setup.js">
          <metrics statements="0" coveredstatements="0" conditionals="0" coveredconditionals="0" methods="0" coveredmethods="0"/>
        </file>
      </package>
      <package name="homestead-photo-listing.src.components">
        <metrics statements="15" coveredstatements="7" conditionals="6" coveredconditionals="0" methods="6" coveredmethods="4"/>
        <file name="app.jsx" path="/Users/macbeth/Documents/coding/hrr34/homestead-photo-listing/src/components/app.jsx">
          <metrics statements="7" coveredstatements="5" conditionals="0" coveredconditionals="0" methods="4" coveredmethods="3"/>
          <line num="7" count="1" type="stmt"/>
          <line num="8" count="1" type="stmt"/>
          <line num="16" count="1" type="stmt"/>
          <line num="17" count="1" type="stmt"/>
          <line num="18" count="0" type="stmt"/>
          <line num="25" count="1" type="stmt"/>
          <line num="29" count="0" type="stmt"/>
        </file>
        <file name="photoStream.jsx" path="/Users/macbeth/Documents/coding/hrr34/homestead-photo-listing/src/components/photoStream.jsx">
          <metrics statements="8" coveredstatements="2" conditionals="6" coveredconditionals="0" methods="2" coveredmethods="1"/>
          <line num="3" count="1" type="stmt"/>
          <line num="4" count="1" type="stmt"/>
          <line num="8" count="0" type="cond" truecount="0" falsecount="2"/>
          <line num="9" count="0" type="stmt"/>
          <line num="12" count="0" type="cond" truecount="0" falsecount="2"/>
          <line num="13" count="0" type="stmt"/>
          <line num="16" count="0" type="cond" truecount="0" falsecount="2"/>
          <line num="17" count="0" type="stmt"/>
        </file>
      </package>
    </metrics>
  </project>
</coverage>
