{"/Users/macbeth/Documents/coding/hrr34/homestead-photo-listing/jest.setup.js": {"path":"/Users/macbeth/Documents/coding/hrr34/homestead-photo-listing/jest.setup.js","statementMap":{"0":{"start":{"line":5,"column":0},"end":{"line":5,"column":38}}},"fnMap":{},"branchMap":{},"s":{"0":7},"f":{},"b":{},"_coverageSchema":"332fd63041d2c1bcb487cc26dd0d5f7d97098a6c","hash":"9ae3995f40e72dd0a2da9707ae8aa4695abddce1"}
,"/Users/macbeth/Documents/coding/hrr34/homestead-photo-listing/database/database.js": {"path":"/Users/macbeth/Documents/coding/hrr34/homestead-photo-listing/database/database.js","statementMap":{"0":{"start":{"line":1,"column":17},"end":{"line":1,"column":36}},"1":{"start":{"line":2,"column":11},"end":{"line":2,"column":32}},"2":{"start":{"line":4,"column":0},"end":{"line":4,"column":34}},"3":{"start":{"line":5,"column":15},"end":{"line":5,"column":30}},"4":{"start":{"line":7,"column":20},"end":{"line":12,"column":2}},"5":{"start":{"line":14,"column":14},"end":{"line":14,"column":50}},"6":{"start":{"line":16,"column":0},"end":{"line":16,"column":23}}},"fnMap":{},"branchMap":{},"s":{"0":1,"1":1,"2":1,"3":1,"4":1,"5":1,"6":1},"f":{},"b":{},"_coverageSchema":"332fd63041d2c1bcb487cc26dd0d5f7d97098a6c","hash":"322bb6dc5ebcd7b70583baf50e084b05e8b60c8d"}
,"/Users/macbeth/Documents/coding/hrr34/homestead-photo-listing/database/index.js": {"path":"/Users/macbeth/Documents/coding/hrr34/homestead-photo-listing/database/index.js","statementMap":{"0":{"start":{"line":1,"column":17},"end":{"line":1,"column":36}},"1":{"start":{"line":3,"column":17},"end":{"line":3,"column":51}},"2":{"start":{"line":5,"column":11},"end":{"line":8,"column":2}},"3":{"start":{"line":6,"column":2},"end":{"line":6,"column":32}},"4":{"start":{"line":6,"column":13},"end":{"line":6,"column":30}},"5":{"start":{"line":7,"column":2},"end":{"line":7,"column":25}},"6":{"start":{"line":10,"column":0},"end":{"line":10,"column":20}}},"fnMap":{"0":{"name":"(anonymous_0)","decl":{"start":{"line":5,"column":65},"end":{"line":5,"column":66}},"loc":{"start":{"line":5,"column":74},"end":{"line":8,"column":1}},"line":5}},"branchMap":{"0":{"loc":{"start":{"line":6,"column":2},"end":{"line":6,"column":32}},"type":"if","locations":[{"start":{"line":6,"column":2},"end":{"line":6,"column":32}},{"start":{"line":6,"column":2},"end":{"line":6,"column":32}}],"line":6}},"s":{"0":1,"1":1,"2":1,"3":1,"4":0,"5":1,"6":1},"f":{"0":1},"b":{"0":[0,1]},"_coverageSchema":"332fd63041d2c1bcb487cc26dd0d5f7d97098a6c","hash":"acc4c203c427b5be1848116a8fe95412ed2eb794"}
,"/Users/macbeth/Documents/coding/hrr34/homestead-photo-listing/src/components/App.jsx": {"path":"/Users/macbeth/Documents/coding/hrr34/homestead-photo-listing/src/components/App.jsx","statementMap":{"0":{"start":{"line":8,"column":4},"end":{"line":8,"column":12}},"1":{"start":{"line":9,"column":4},"end":{"line":13,"column":6}},"2":{"start":{"line":15,"column":4},"end":{"line":15,"column":48}},"3":{"start":{"line":19,"column":6},"end":{"line":22,"column":9}},"4":{"start":{"line":26,"column":17},"end":{"line":26,"column":48}},"5":{"start":{"line":27,"column":15},"end":{"line":27,"column":73}},"6":{"start":{"line":28,"column":4},"end":{"line":32,"column":15}},"7":{"start":{"line":29,"column":6},"end":{"line":31,"column":9}},"8":{"start":{"line":36,"column":19},"end":{"line":36,"column":29}},"9":{"start":{"line":38,"column":4},"end":{"line":43,"column":5}},"10":{"start":{"line":39,"column":6},"end":{"line":40,"column":8}},"11":{"start":{"line":41,"column":11},"end":{"line":43,"column":5}},"12":{"start":{"line":42,"column":6},"end":{"line":42,"column":97}},"13":{"start":{"line":47,"column":4},"end":{"line":55,"column":5}},"14":{"start":{"line":48,"column":6},"end":{"line":52,"column":11}},"15":{"start":{"line":54,"column":6},"end":{"line":54,"column":36}}},"fnMap":{"0":{"name":"(anonymous_0)","decl":{"start":{"line":7,"column":2},"end":{"line":7,"column":3}},"loc":{"start":{"line":7,"column":16},"end":{"line":16,"column":3}},"line":7},"1":{"name":"(anonymous_1)","decl":{"start":{"line":18,"column":2},"end":{"line":18,"column":3}},"loc":{"start":{"line":18,"column":24},"end":{"line":23,"column":3}},"line":18},"2":{"name":"(anonymous_2)","decl":{"start":{"line":25,"column":2},"end":{"line":25,"column":3}},"loc":{"start":{"line":25,"column":22},"end":{"line":33,"column":3}},"line":25},"3":{"name":"(anonymous_3)","decl":{"start":{"line":28,"column":35},"end":{"line":28,"column":36}},"loc":{"start":{"line":28,"column":43},"end":{"line":32,"column":5}},"line":28},"4":{"name":"(anonymous_4)","decl":{"start":{"line":35,"column":2},"end":{"line":35,"column":3}},"loc":{"start":{"line":35,"column":16},"end":{"line":44,"column":3}},"line":35},"5":{"name":"(anonymous_5)","decl":{"start":{"line":46,"column":2},"end":{"line":46,"column":3}},"loc":{"start":{"line":46,"column":11},"end":{"line":56,"column":3}},"line":46}},"branchMap":{"0":{"loc":{"start":{"line":27,"column":15},"end":{"line":27,"column":73}},"type":"binary-expr","locations":[{"start":{"line":27,"column":15},"end":{"line":27,"column":65}},{"start":{"line":27,"column":69},"end":{"line":27,"column":73}}],"line":27},"1":{"loc":{"start":{"line":38,"column":4},"end":{"line":43,"column":5}},"type":"if","locations":[{"start":{"line":38,"column":4},"end":{"line":43,"column":5}},{"start":{"line":38,"column":4},"end":{"line":43,"column":5}}],"line":38},"2":{"loc":{"start":{"line":41,"column":11},"end":{"line":43,"column":5}},"type":"if","locations":[{"start":{"line":41,"column":11},"end":{"line":43,"column":5}},{"start":{"line":41,"column":11},"end":{"line":43,"column":5}}],"line":41},"3":{"loc":{"start":{"line":47,"column":4},"end":{"line":55,"column":5}},"type":"if","locations":[{"start":{"line":47,"column":4},"end":{"line":55,"column":5}},{"start":{"line":47,"column":4},"end":{"line":55,"column":5}}],"line":47}},"s":{"0":3,"1":3,"2":3,"3":2,"4":3,"5":3,"6":3,"7":0,"8":5,"9":5,"10":3,"11":2,"12":2,"13":5,"14":5,"15":0},"f":{"0":3,"1":2,"2":3,"3":0,"4":5,"5":5},"b":{"0":[3,3],"1":[3,2],"2":[2,0],"3":[5,0]},"_coverageSchema":"332fd63041d2c1bcb487cc26dd0d5f7d97098a6c","hash":"0a9c4afc604c92c55cd825235bb99b507599ddb3"}
,"/Users/macbeth/Documents/coding/hrr34/homestead-photo-listing/src/components/LeftArrow.jsx": {"path":"/Users/macbeth/Documents/coding/hrr34/homestead-photo-listing/src/components/LeftArrow.jsx","statementMap":{"0":{"start":{"line":3,"column":18},"end":{"line":9,"column":1}},"1":{"start":{"line":4,"column":2},"end":{"line":8,"column":4}}},"fnMap":{"0":{"name":"(anonymous_0)","decl":{"start":{"line":3,"column":18},"end":{"line":3,"column":19}},"loc":{"start":{"line":3,"column":29},"end":{"line":9,"column":1}},"line":3}},"branchMap":{},"s":{"0":2,"1":3},"f":{"0":3},"b":{},"_coverageSchema":"332fd63041d2c1bcb487cc26dd0d5f7d97098a6c","hash":"438314a24d07d9d5af3997fc2c10a477d202c990"}
,"/Users/macbeth/Documents/coding/hrr34/homestead-photo-listing/src/components/MainPhoto.jsx": {"path":"/Users/macbeth/Documents/coding/hrr34/homestead-photo-listing/src/components/MainPhoto.jsx","statementMap":{"0":{"start":{"line":3,"column":14},"end":{"line":7,"column":1}},"1":{"start":{"line":4,"column":2},"end":{"line":6,"column":8}},"2":{"start":{"line":5,"column":46},"end":{"line":5,"column":78}}},"fnMap":{"0":{"name":"(anonymous_0)","decl":{"start":{"line":3,"column":14},"end":{"line":3,"column":15}},"loc":{"start":{"line":4,"column":2},"end":{"line":6,"column":8}},"line":4},"1":{"name":"(anonymous_1)","decl":{"start":{"line":5,"column":40},"end":{"line":5,"column":41}},"loc":{"start":{"line":5,"column":46},"end":{"line":5,"column":78}},"line":5}},"branchMap":{},"s":{"0":3,"1":3,"2":0},"f":{"0":3,"1":0},"b":{},"_coverageSchema":"332fd63041d2c1bcb487cc26dd0d5f7d97098a6c","hash":"1f54e4ec7467069b2ac46d4ff0843361fcdf2a4e"}
,"/Users/macbeth/Documents/coding/hrr34/homestead-photo-listing/src/components/PhotoStream.jsx": {"path":"/Users/macbeth/Documents/coding/hrr34/homestead-photo-listing/src/components/PhotoStream.jsx","statementMap":{"0":{"start":{"line":5,"column":20},"end":{"line":27,"column":1}},"1":{"start":{"line":6,"column":2},"end":{"line":26,"column":8}},"2":{"start":{"line":9,"column":8},"end":{"line":13,"column":9}},"3":{"start":{"line":10,"column":10},"end":{"line":12,"column":16}},"4":{"start":{"line":19,"column":6},"end":{"line":21,"column":7}},"5":{"start":{"line":20,"column":8},"end":{"line":20,"column":66}},"6":{"start":{"line":24,"column":29},"end":{"line":24,"column":48}}},"fnMap":{"0":{"name":"(anonymous_0)","decl":{"start":{"line":5,"column":20},"end":{"line":5,"column":21}},"loc":{"start":{"line":6,"column":2},"end":{"line":26,"column":8}},"line":6},"1":{"name":"(anonymous_1)","decl":{"start":{"line":8,"column":24},"end":{"line":8,"column":25}},"loc":{"start":{"line":8,"column":40},"end":{"line":14,"column":5}},"line":8},"2":{"name":"(anonymous_2)","decl":{"start":{"line":18,"column":22},"end":{"line":18,"column":23}},"loc":{"start":{"line":18,"column":38},"end":{"line":22,"column":5}},"line":18},"3":{"name":"(anonymous_3)","decl":{"start":{"line":24,"column":23},"end":{"line":24,"column":24}},"loc":{"start":{"line":24,"column":29},"end":{"line":24,"column":48}},"line":24}},"branchMap":{"0":{"loc":{"start":{"line":9,"column":8},"end":{"line":13,"column":9}},"type":"if","locations":[{"start":{"line":9,"column":8},"end":{"line":13,"column":9}},{"start":{"line":9,"column":8},"end":{"line":13,"column":9}}],"line":9},"1":{"loc":{"start":{"line":19,"column":6},"end":{"line":21,"column":7}},"type":"if","locations":[{"start":{"line":19,"column":6},"end":{"line":21,"column":7}},{"start":{"line":19,"column":6},"end":{"line":21,"column":7}}],"line":19},"2":{"loc":{"start":{"line":19,"column":10},"end":{"line":19,"column":32}},"type":"binary-expr","locations":[{"start":{"line":19,"column":10},"end":{"line":19,"column":19}},{"start":{"line":19,"column":23},"end":{"line":19,"column":32}}],"line":19}},"s":{"0":2,"1":3,"2":5,"3":1,"4":5,"5":4,"6":2},"f":{"0":3,"1":5,"2":5,"3":2},"b":{"0":[1,4],"1":[4,1],"2":[5,4]},"_coverageSchema":"332fd63041d2c1bcb487cc26dd0d5f7d97098a6c","hash":"b489a2efac4c1e4a5d958f8058d864b82b24040e"}
,"/Users/macbeth/Documents/coding/hrr34/homestead-photo-listing/src/components/RightArrow.jsx": {"path":"/Users/macbeth/Documents/coding/hrr34/homestead-photo-listing/src/components/RightArrow.jsx","statementMap":{"0":{"start":{"line":3,"column":19},"end":{"line":9,"column":1}},"1":{"start":{"line":4,"column":2},"end":{"line":8,"column":4}}},"fnMap":{"0":{"name":"(anonymous_0)","decl":{"start":{"line":3,"column":19},"end":{"line":3,"column":20}},"loc":{"start":{"line":3,"column":30},"end":{"line":9,"column":1}},"line":3}},"branchMap":{},"s":{"0":2,"1":3},"f":{"0":3},"b":{},"_coverageSchema":"332fd63041d2c1bcb487cc26dd0d5f7d97098a6c","hash":"636f70f9d3ce103415b0f56426eb37da4a318ad3"}
,"/Users/macbeth/Documents/coding/hrr34/homestead-photo-listing/src/components/SidePhoto.jsx": {"path":"/Users/macbeth/Documents/coding/hrr34/homestead-photo-listing/src/components/SidePhoto.jsx","statementMap":{"0":{"start":{"line":3,"column":14},"end":{"line":7,"column":1}},"1":{"start":{"line":4,"column":2},"end":{"line":6,"column":8}},"2":{"start":{"line":5,"column":46},"end":{"line":5,"column":78}}},"fnMap":{"0":{"name":"(anonymous_0)","decl":{"start":{"line":3,"column":14},"end":{"line":3,"column":15}},"loc":{"start":{"line":4,"column":2},"end":{"line":6,"column":8}},"line":4},"1":{"name":"(anonymous_1)","decl":{"start":{"line":5,"column":40},"end":{"line":5,"column":41}},"loc":{"start":{"line":5,"column":46},"end":{"line":5,"column":78}},"line":5}},"branchMap":{},"s":{"0":3,"1":6,"2":0},"f":{"0":6,"1":0},"b":{},"_coverageSchema":"332fd63041d2c1bcb487cc26dd0d5f7d97098a6c","hash":"e58dabe0edb4ec44c2ca2c3326a9d73bccf79060"}
,"/Users/macbeth/Documents/coding/hrr34/homestead-photo-listing/src/components/Slide.jsx": {"path":"/Users/macbeth/Documents/coding/hrr34/homestead-photo-listing/src/components/Slide.jsx","statementMap":{"0":{"start":{"line":3,"column":14},"end":{"line":18,"column":1}},"1":{"start":{"line":4,"column":17},"end":{"line":9,"column":3}},"2":{"start":{"line":10,"column":2},"end":{"line":17,"column":3}}},"fnMap":{"0":{"name":"(anonymous_0)","decl":{"start":{"line":3,"column":14},"end":{"line":3,"column":15}},"loc":{"start":{"line":3,"column":29},"end":{"line":18,"column":1}},"line":3}},"branchMap":{},"s":{"0":3,"1":7,"2":7},"f":{"0":7},"b":{},"_coverageSchema":"332fd63041d2c1bcb487cc26dd0d5f7d97098a6c","hash":"2e311917561960bb32764de4ed73702c612579dc"}
,"/Users/macbeth/Documents/coding/hrr34/homestead-photo-listing/src/components/Slider.jsx": {"path":"/Users/macbeth/Documents/coding/hrr34/homestead-photo-listing/src/components/Slider.jsx","statementMap":{"0":{"start":{"line":9,"column":4},"end":{"line":9,"column":16}},"1":{"start":{"line":11,"column":4},"end":{"line":15,"column":5}},"2":{"start":{"line":16,"column":4},"end":{"line":16,"column":54}},"3":{"start":{"line":17,"column":4},"end":{"line":17,"column":54}},"4":{"start":{"line":18,"column":4},"end":{"line":18,"column":48}},"5":{"start":{"line":22,"column":4},"end":{"line":23,"column":13}},"6":{"start":{"line":23,"column":6},"end":{"line":23,"column":13}},"7":{"start":{"line":25,"column":4},"end":{"line":28,"column":7}},"8":{"start":{"line":25,"column":32},"end":{"line":28,"column":5}},"9":{"start":{"line":35,"column":4},"end":{"line":40,"column":5}},"10":{"start":{"line":36,"column":6},"end":{"line":39,"column":8}},"11":{"start":{"line":43,"column":4},"end":{"line":46,"column":8}},"12":{"start":{"line":43,"column":32},"end":{"line":46,"column":5}},"13":{"start":{"line":50,"column":5},"end":{"line":50,"column":56}},"14":{"start":{"line":54,"column":4},"end":{"line":82,"column":5}},"15":{"start":{"line":55,"column":6},"end":{"line":79,"column":8}},"16":{"start":{"line":57,"column":33},"end":{"line":57,"column":59}},"17":{"start":{"line":66,"column":20},"end":{"line":66,"column":51}},"18":{"start":{"line":81,"column":6},"end":{"line":81,"column":40}}},"fnMap":{"0":{"name":"(anonymous_0)","decl":{"start":{"line":8,"column":2},"end":{"line":8,"column":3}},"loc":{"start":{"line":8,"column":21},"end":{"line":19,"column":3}},"line":8},"1":{"name":"(anonymous_1)","decl":{"start":{"line":21,"column":2},"end":{"line":21,"column":3}},"loc":{"start":{"line":21,"column":18},"end":{"line":29,"column":3}},"line":21},"2":{"name":"(anonymous_2)","decl":{"start":{"line":25,"column":18},"end":{"line":25,"column":19}},"loc":{"start":{"line":25,"column":32},"end":{"line":28,"column":5}},"line":25},"3":{"name":"(anonymous_3)","decl":{"start":{"line":31,"column":2},"end":{"line":31,"column":3}},"loc":{"start":{"line":31,"column":18},"end":{"line":47,"column":3}},"line":31},"4":{"name":"(anonymous_4)","decl":{"start":{"line":43,"column":18},"end":{"line":43,"column":19}},"loc":{"start":{"line":43,"column":32},"end":{"line":46,"column":5}},"line":43},"5":{"name":"(anonymous_5)","decl":{"start":{"line":49,"column":2},"end":{"line":49,"column":3}},"loc":{"start":{"line":49,"column":15},"end":{"line":51,"column":3}},"line":49},"6":{"name":"(anonymous_6)","decl":{"start":{"line":53,"column":2},"end":{"line":53,"column":3}},"loc":{"start":{"line":53,"column":11},"end":{"line":83,"column":3}},"line":53},"7":{"name":"(anonymous_7)","decl":{"start":{"line":57,"column":27},"end":{"line":57,"column":28}},"loc":{"start":{"line":57,"column":33},"end":{"line":57,"column":59}},"line":57},"8":{"name":"(anonymous_8)","decl":{"start":{"line":65,"column":38},"end":{"line":65,"column":39}},"loc":{"start":{"line":66,"column":20},"end":{"line":66,"column":51}},"line":66}},"branchMap":{"0":{"loc":{"start":{"line":22,"column":4},"end":{"line":23,"column":13}},"type":"if","locations":[{"start":{"line":22,"column":4},"end":{"line":23,"column":13}},{"start":{"line":22,"column":4},"end":{"line":23,"column":13}}],"line":22},"1":{"loc":{"start":{"line":35,"column":4},"end":{"line":40,"column":5}},"type":"if","locations":[{"start":{"line":35,"column":4},"end":{"line":40,"column":5}},{"start":{"line":35,"column":4},"end":{"line":40,"column":5}}],"line":35},"2":{"loc":{"start":{"line":54,"column":4},"end":{"line":82,"column":5}},"type":"if","locations":[{"start":{"line":54,"column":4},"end":{"line":82,"column":5}},{"start":{"line":54,"column":4},"end":{"line":82,"column":5}}],"line":54}},"s":{"0":4,"1":4,"2":4,"3":4,"4":4,"5":0,"6":0,"7":0,"8":0,"9":0,"10":0,"11":0,"12":0,"13":0,"14":4,"15":3,"16":0,"17":5,"18":1},"f":{"0":4,"1":0,"2":0,"3":0,"4":0,"5":0,"6":4,"7":0,"8":5},"b":{"0":[0,0],"1":[0,0],"2":[3,1]},"_coverageSchema":"332fd63041d2c1bcb487cc26dd0d5f7d97098a6c","hash":"c90fc8cc94a4af699a3f5024f8ec9714c3c01c7a"}
}
