{"/Users/macbeth/Documents/coding/hrr34/homestead-photo-listing/public/App.js": {"path":"/Users/macbeth/Documents/coding/hrr34/homestead-photo-listing/public/App.js","statementMap":{"0":{"start":{"line":1,"column":14},"end":{"line":1,"column":30}},"1":{"start":{"line":3,"column":18},"end":{"line":15,"column":1}},"2":{"start":{"line":4,"column":23},"end":{"line":4,"column":34}},"3":{"start":{"line":5,"column":16},"end":{"line":5,"column":20}},"4":{"start":{"line":6,"column":19},"end":{"line":6,"column":20}},"5":{"start":{"line":8,"column":17},"end":{"line":8,"column":40}},"6":{"start":{"line":9,"column":4},"end":{"line":9,"column":27}},"7":{"start":{"line":10,"column":4},"end":{"line":10,"column":16}},"8":{"start":{"line":12,"column":19},"end":{"line":14,"column":25}},"9":{"start":{"line":13,"column":17},"end":{"line":13,"column":25}},"10":{"start":{"line":17,"column":0},"end":{"line":17,"column":27}}},"fnMap":{"0":{"name":"(anonymous_0)","decl":{"start":{"line":4,"column":7},"end":{"line":4,"column":8}},"loc":{"start":{"line":4,"column":23},"end":{"line":4,"column":34}},"line":4},"1":{"name":"(anonymous_1)","decl":{"start":{"line":5,"column":10},"end":{"line":5,"column":11}},"loc":{"start":{"line":5,"column":16},"end":{"line":5,"column":20}},"line":5},"2":{"name":"(anonymous_2)","decl":{"start":{"line":6,"column":14},"end":{"line":6,"column":15}},"loc":{"start":{"line":6,"column":19},"end":{"line":6,"column":20}},"line":6},"3":{"name":"(anonymous_3)","decl":{"start":{"line":7,"column":14},"end":{"line":7,"column":15}},"loc":{"start":{"line":7,"column":20},"end":{"line":11,"column":3}},"line":7},"4":{"name":"(anonymous_4)","decl":{"start":{"line":12,"column":13},"end":{"line":12,"column":14}},"loc":{"start":{"line":12,"column":19},"end":{"line":14,"column":25}},"line":12},"5":{"name":"(anonymous_5)","decl":{"start":{"line":13,"column":10},"end":{"line":13,"column":11}},"loc":{"start":{"line":13,"column":17},"end":{"line":13,"column":25}},"line":13}},"branchMap":{},"s":{"0":1,"1":1,"2":2,"3":1,"4":1,"5":1,"6":1,"7":1,"8":2,"9":2,"10":1},"f":{"0":2,"1":1,"2":1,"3":1,"4":2,"5":2},"b":{},"_coverageSchema":"332fd63041d2c1bcb487cc26dd0d5f7d97098a6c","hash":"fe3b895794d17859279a7426e43f14ae847cc1b0"}
}
