TN:
SF:/Users/macbeth/Documents/coding/hrr34/homestead-photo-listing/jest.setup.js
FNF:0
FNH:0
DA:5,7
LF:1
LH:1
BRF:0
BRH:0
end_of_record
TN:
SF:/Users/macbeth/Documents/coding/hrr34/homestead-photo-listing/database/database.js
FNF:0
FNH:0
DA:1,1
DA:2,1
DA:4,1
DA:5,1
DA:7,1
DA:14,1
DA:16,1
LF:7
LH:7
BRF:0
BRH:0
end_of_record
TN:
SF:/Users/macbeth/Documents/coding/hrr34/homestead-photo-listing/database/index.js
FN:5,(anonymous_0)
FNF:1
FNH:1
FNDA:1,(anonymous_0)
DA:1,1
DA:3,1
DA:5,1
DA:6,1
DA:7,1
DA:10,1
LF:6
LH:6
BRDA:6,0,0,0
BRDA:6,0,1,1
BRF:2
BRH:1
end_of_record
TN:
SF:/Users/macbeth/Documents/coding/hrr34/homestead-photo-listing/src/components/App.jsx
FN:7,(anonymous_0)
FN:18,(anonymous_1)
FN:25,(anonymous_2)
FN:28,(anonymous_3)
FN:35,(anonymous_4)
FN:46,(anonymous_5)
FNF:6
FNH:5
FNDA:3,(anonymous_0)
FNDA:2,(anonymous_1)
FNDA:3,(anonymous_2)
FNDA:0,(anonymous_3)
FNDA:5,(anonymous_4)
FNDA:5,(anonymous_5)
DA:8,3
DA:9,3
DA:15,3
DA:19,2
DA:26,3
DA:27,3
DA:28,3
DA:29,0
DA:36,5
DA:38,5
DA:39,3
DA:41,2
DA:42,2
DA:47,5
DA:48,5
DA:54,0
LF:16
LH:14
BRDA:27,0,0,3
BRDA:27,0,1,3
BRDA:38,1,0,3
BRDA:38,1,1,2
BRDA:41,2,0,2
BRDA:41,2,1,0
BRDA:47,3,0,5
BRDA:47,3,1,0
BRF:8
BRH:6
end_of_record
TN:
SF:/Users/macbeth/Documents/coding/hrr34/homestead-photo-listing/src/components/LeftArrow.jsx
FN:3,(anonymous_0)
FNF:1
FNH:1
FNDA:3,(anonymous_0)
DA:3,2
DA:4,3
LF:2
LH:2
BRF:0
BRH:0
end_of_record
TN:
SF:/Users/macbeth/Documents/coding/hrr34/homestead-photo-listing/src/components/MainPhoto.jsx
FN:3,(anonymous_0)
FN:5,(anonymous_1)
FNF:2
FNH:1
FNDA:3,(anonymous_0)
FNDA:0,(anonymous_1)
DA:3,3
DA:4,3
DA:5,0
LF:3
LH:2
BRF:0
BRH:0
end_of_record
TN:
SF:/Users/macbeth/Documents/coding/hrr34/homestead-photo-listing/src/components/PhotoStream.jsx
FN:5,(anonymous_0)
FN:8,(anonymous_1)
FN:18,(anonymous_2)
FN:24,(anonymous_3)
FNF:4
FNH:4
FNDA:3,(anonymous_0)
FNDA:5,(anonymous_1)
FNDA:5,(anonymous_2)
FNDA:2,(anonymous_3)
DA:5,2
DA:6,3
DA:9,5
DA:10,1
DA:19,5
DA:20,4
DA:24,2
LF:7
LH:7
BRDA:9,0,0,1
BRDA:9,0,1,4
BRDA:19,1,0,4
BRDA:19,1,1,1
BRDA:19,2,0,5
BRDA:19,2,1,4
BRF:6
BRH:6
end_of_record
TN:
SF:/Users/macbeth/Documents/coding/hrr34/homestead-photo-listing/src/components/RightArrow.jsx
FN:3,(anonymous_0)
FNF:1
FNH:1
FNDA:3,(anonymous_0)
DA:3,2
DA:4,3
LF:2
LH:2
BRF:0
BRH:0
end_of_record
TN:
SF:/Users/macbeth/Documents/coding/hrr34/homestead-photo-listing/src/components/SidePhoto.jsx
FN:3,(anonymous_0)
FN:5,(anonymous_1)
FNF:2
FNH:1
FNDA:6,(anonymous_0)
FNDA:0,(anonymous_1)
DA:3,3
DA:4,6
DA:5,0
LF:3
LH:2
BRF:0
BRH:0
end_of_record
TN:
SF:/Users/macbeth/Documents/coding/hrr34/homestead-photo-listing/src/components/Slide.jsx
FN:3,(anonymous_0)
FNF:1
FNH:1
FNDA:7,(anonymous_0)
DA:3,3
DA:4,7
DA:10,7
LF:3
LH:3
BRF:0
BRH:0
end_of_record
TN:
SF:/Users/macbeth/Documents/coding/hrr34/homestead-photo-listing/src/components/Slider.jsx
FN:8,(anonymous_0)
FN:21,(anonymous_1)
FN:25,(anonymous_2)
FN:31,(anonymous_3)
FN:43,(anonymous_4)
FN:49,(anonymous_5)
FN:53,(anonymous_6)
FN:57,(anonymous_7)
FN:65,(anonymous_8)
FNF:9
FNH:3
FNDA:4,(anonymous_0)
FNDA:0,(anonymous_1)
FNDA:0,(anonymous_2)
FNDA:0,(anonymous_3)
FNDA:0,(anonymous_4)
FNDA:0,(anonymous_5)
FNDA:4,(anonymous_6)
FNDA:0,(anonymous_7)
FNDA:5,(anonymous_8)
DA:9,4
DA:11,4
DA:16,4
DA:17,4
DA:18,4
DA:22,0
DA:23,0
DA:25,0
DA:35,0
DA:36,0
DA:43,0
DA:50,0
DA:54,4
DA:55,3
DA:57,0
DA:66,5
DA:81,1
LF:17
LH:9
BRDA:22,0,0,0
BRDA:22,0,1,0
BRDA:35,1,0,0
BRDA:35,1,1,0
BRDA:54,2,0,3
BRDA:54,2,1,1
BRF:6
BRH:2
end_of_record
