TN:
SF:/Users/macbeth/Documents/coding/hrr34/homestead-photo-listing/jest.setup.js
FNF:0
FNH:0
LF:0
LH:0
BRF:0
BRH:0
end_of_record
TN:
SF:/Users/macbeth/Documents/coding/hrr34/homestead-photo-listing/src/components/app.jsx
FN:6,(anonymous_0)
FN:15,(anonymous_1)
FN:17,(anonymous_2)
FN:24,(anonymous_3)
FNF:4
FNH:3
FNDA:1,(anonymous_0)
FNDA:1,(anonymous_1)
FNDA:0,(anonymous_2)
FNDA:1,(anonymous_3)
DA:7,1
DA:8,1
DA:16,1
DA:17,1
DA:18,0
DA:25,1
DA:29,0
LF:7
LH:5
BRF:0
BRH:0
end_of_record
TN:
SF:/Users/macbeth/Documents/coding/hrr34/homestead-photo-listing/src/components/photoStream.jsx
FN:3,(anonymous_0)
FN:6,(anonymous_1)
FNF:2
FNH:1
FNDA:1,(anonymous_0)
FNDA:0,(anonymous_1)
DA:3,1
DA:4,1
DA:8,0
DA:9,0
DA:12,0
DA:13,0
DA:16,0
DA:17,0
LF:8
LH:2
BRDA:8,0,0,0
BRDA:8,0,1,0
BRDA:12,1,0,0
BRDA:12,1,1,0
BRDA:16,2,0,0
BRDA:16,2,1,0
BRF:6
BRH:0
end_of_record
